<?xml version="1.0" encoding="UTF-8" ?>
<testsuite failures="2" time="47.058" errors="0" skipped="1" tests="9" name="cukejvm.RunCukesTest">
  <properties>
    <property name="java.runtime.name" value="Java(TM) SE Runtime Environment"/>
    <property name="sun.boot.library.path" value="/System/Library/Java/JavaVirtualMachines/1.6.0.jdk/Contents/Libraries"/>
    <property name="java.vm.version" value="20.65-b04-462"/>
    <property name="awt.nativeDoubleBuffering" value="true"/>
    <property name="gopherProxySet" value="false"/>
    <property name="mrj.build" value="11M4609"/>
    <property name="java.vm.vendor" value="Apple Inc."/>
    <property name="java.vendor.url" value="http://www.apple.com/"/>
    <property name="path.separator" value=":"/>
    <property name="guice.disable.misplaced.annotation.check" value="true"/>
    <property name="java.vm.name" value="Java HotSpot(TM) 64-Bit Server VM"/>
    <property name="file.encoding.pkg" value="sun.io"/>
    <property name="user.country" value="US"/>
    <property name="sun.java.launcher" value="SUN_STANDARD"/>
    <property name="sun.os.patch.level" value="unknown"/>
    <property name="java.vm.specification.name" value="Java Virtual Machine Specification"/>
    <property name="user.dir" value="/Users/lnkhai/working/google_repo/CucumberJVM"/>
    <property name="java.runtime.version" value="1.6.0_65-b14-462-11M4609"/>
    <property name="java.awt.graphicsenv" value="apple.awt.CGraphicsEnvironment"/>
    <property name="java.endorsed.dirs" value="/System/Library/Java/JavaVirtualMachines/1.6.0.jdk/Contents/Home/lib/endorsed"/>
    <property name="os.arch" value="x86_64"/>
    <property name="java.io.tmpdir" value="/var/folders/yl/28r8n9bs59l4bqwmxp55fl0c0000gn/T/"/>
    <property name="line.separator" value="
"/>
    <property name="java.vm.specification.vendor" value="Sun Microsystems Inc."/>
    <property name="os.name" value="Mac OS X"/>
    <property name="classworlds.conf" value="/Users/lnkhai/javadev/maven/bin/m2.conf"/>
    <property name="sun.jnu.encoding" value="MacRoman"/>
    <property name="java.library.path" value=".:/Users/lnkhai/Library/Java/Extensions:/Library/Java/Extensions:/System/Library/Java/Extensions:/usr/lib/java"/>
    <property name="java.specification.name" value="Java Platform API Specification"/>
    <property name="java.class.version" value="50.0"/>
    <property name="sun.management.compiler" value="HotSpot 64-Bit Tiered Compilers"/>
    <property name="os.version" value="10.9.2"/>
    <property name="http.nonProxyHosts" value="local|*.local|169.254/16|*.169.254/16"/>
    <property name="user.home" value="/Users/lnkhai"/>
    <property name="user.timezone" value="Australia/Sydney"/>
    <property name="java.awt.printerjob" value="apple.awt.CPrinterJob"/>
    <property name="java.specification.version" value="1.6"/>
    <property name="file.encoding" value="MacRoman"/>
    <property name="user.name" value="lnkhai"/>
    <property name="java.class.path" value="/Users/lnkhai/javadev/maven/boot/plexus-classworlds-2.4.jar"/>
    <property name="java.vm.specification.version" value="1.0"/>
    <property name="sun.arch.data.model" value="64"/>
    <property name="java.home" value="/System/Library/Java/JavaVirtualMachines/1.6.0.jdk/Contents/Home"/>
    <property name="sun.java.command" value="org.codehaus.plexus.classworlds.launcher.Launcher test"/>
    <property name="java.specification.vendor" value="Sun Microsystems Inc."/>
    <property name="user.language" value="en"/>
    <property name="awt.toolkit" value="apple.awt.CToolkit"/>
    <property name="java.vm.info" value="mixed mode"/>
    <property name="java.version" value="1.6.0_65"/>
    <property name="java.ext.dirs" value="/Users/lnkhai/Library/Java/Extensions:/Library/Java/Extensions:/System/Library/Java/Extensions:/System/Library/Java/JavaVirtualMachines/1.6.0.jdk/Contents/Home/lib/ext"/>
    <property name="sun.boot.class.path" value="/System/Library/Java/JavaVirtualMachines/1.6.0.jdk/Contents/Classes/jsfd.jar:/System/Library/Java/JavaVirtualMachines/1.6.0.jdk/Contents/Classes/classes.jar:/System/Library/Frameworks/JavaVM.framework/Frameworks/JavaRuntimeSupport.framework/Resources/Java/JavaRuntimeSupport.jar:/System/Library/Java/JavaVirtualMachines/1.6.0.jdk/Contents/Classes/ui.jar:/System/Library/Java/JavaVirtualMachines/1.6.0.jdk/Contents/Classes/laf.jar:/System/Library/Java/JavaVirtualMachines/1.6.0.jdk/Contents/Classes/sunrsasign.jar:/System/Library/Java/JavaVirtualMachines/1.6.0.jdk/Contents/Classes/jsse.jar:/System/Library/Java/JavaVirtualMachines/1.6.0.jdk/Contents/Classes/jce.jar:/System/Library/Java/JavaVirtualMachines/1.6.0.jdk/Contents/Classes/charsets.jar"/>
    <property name="java.vendor" value="Apple Inc."/>
    <property name="maven.home" value="/Users/lnkhai/javadev/maven"/>
    <property name="file.separator" value="/"/>
    <property name="java.vendor.url.bug" value="http://bugreport.apple.com/"/>
    <property name="sun.cpu.endian" value="little"/>
    <property name="sun.io.unicode.encoding" value="UnicodeLittle"/>
    <property name="mrj.version" value="1070.1.6.0_65-462"/>
    <property name="socksNonProxyHosts" value="local|*.local|169.254/16|*.169.254/16"/>
    <property name="ftp.nonProxyHosts" value="local|*.local|169.254/16|*.169.254/16"/>
    <property name="sun.cpu.isalist" value=""/>
  </properties>
  <testcase time="0" classname="Scenario: Create New Postpaid Mobile Plan Order" name="Given customer want to make New Postpaid Order"/>
  <testcase time="0" classname="Scenario: Create New Postpaid Mobile Plan Order" name="When customer open Postpaid Explore page"/>
  <testcase time="0" classname="Scenario: Create New Postpaid Mobile Plan Order" name="And select offer with code \&quot;116398-tso_ma-55-24\&quot;"/>
  <testcase time="0" classname="Scenario: Create New Postpaid Mobile Plan Order" name="And customer click \&quot;Next\&quot; at \&quot;What you need to order\&quot; module"/>
  <testcase time="0" classname="Scenario: Create New Postpaid Mobile Plan Order" name="And customer select memory size 32GB and Grey color at \&quot;Customise Device\&quot; module"/>
  <testcase time="0" classname="Scenario: Create New Postpaid Mobile Plan Order" name="And customer select no extra SIM at Shared Data form"/>
  <testcase time="0.005" classname="Scenario: Create New Postpaid Mobile Plan Order" name="And customer select Add-On with code:">
    <failure message="Addon Price is not correct" type="java.lang.AssertionError">java.lang.AssertionError: Addon Price is not correct
	at org.junit.Assert.fail(Assert.java:88)
	at org.junit.Assert.assertTrue(Assert.java:41)
	at cukejvm.support.pages.AddOnPage.selectAddOn(AddOnPage.java:47)
	at cukejvm.step_definitions.CheckOutPageStepDefs.selectAddOn(CheckOutPageStepDefs.java:62)
	at ✽.And customer select Add-On with code:(cukejvm/simple_new_postpaid_order.feature:11)
</failure>
  </testcase>
  <testcase time="0.005" classname="Scenario: Create New Postpaid Mobile Plan Order" name="Scenario: Create New Postpaid Mobile Plan Order">
    <failure message="Addon Price is not correct" type="java.lang.AssertionError">java.lang.AssertionError: Addon Price is not correct
	at org.junit.Assert.fail(Assert.java:88)
	at org.junit.Assert.assertTrue(Assert.java:41)
	at cukejvm.support.pages.AddOnPage.selectAddOn(AddOnPage.java:47)
	at cukejvm.step_definitions.CheckOutPageStepDefs.selectAddOn(CheckOutPageStepDefs.java:62)
	at ✽.And customer select Add-On with code:(cukejvm/simple_new_postpaid_order.feature:11)
</failure>
  </testcase>
  <testcase time="0.006" classname="Scenario: Create New Postpaid Mobile Plan Order" name="And customer input their name and date of birth">
    <skipped/>
  </testcase>
</testsuite>